2019-04-25 19:33:18<xml><ToUserName><![CDATA[gh_fee5ffe2fe4d]]></ToUserName>
<FromUserName><![CDATA[oCeEX1sDfbqkaguYkL1D2Qj4qz30]]></FromUserName>
<CreateTime>1556068810</CreateTime>
<MsgType><![CDATA[text]]></MsgType>
<Content><![CDATA[图文消息]]></Content>
<MsgId>22277551839113847</MsgId>
</xml>






2019-04-25 19:35:02<xml><ToUserName><![CDATA[gh_fee5ffe2fe4d]]></ToUserName>
<FromUserName><![CDATA[oCeEX1sDfbqkaguYkL1D2Qj4qz30]]></FromUserName>
<CreateTime>1556068810</CreateTime>
<MsgType><![CDATA[text]]></MsgType>
<Content><![CDATA[图文消息]]></Content>
<MsgId>22277551839113847</MsgId>
</xml>






2019-04-25 19:35:23<xml><ToUserName><![CDATA[gh_fee5ffe2fe4d]]></ToUserName>
<FromUserName><![CDATA[oCeEX1sDfbqkaguYkL1D2Qj4qz30]]></FromUserName>
<CreateTime>1556068810</CreateTime>
<MsgType><![CDATA[text]]></MsgType>
<Content><![CDATA[图文消息]]></Content>
<MsgId>22277551839113847</MsgId>
</xml>






2019-04-25 19:36:20<xml><ToUserName><![CDATA[gh_fee5ffe2fe4d]]></ToUserName>
<FromUserName><![CDATA[oCeEX1sDfbqkaguYkL1D2Qj4qz30]]></FromUserName>
<CreateTime>1556068810</CreateTime>
<MsgType><![CDATA[text]]></MsgType>
<Content><![CDATA[图文消息]]></Content>
<MsgId>22277551839113847</MsgId>
</xml>






